2014-02-18 00:44:30 Warning: Warning (2): socket_connect(): unable to connect [111]: Connection refused in [/home/pi/hsmm-pi/src/var/www/hsmm-pi/Controller/StatusController.php, line 38]
Trace:
socket_connect - [internal], line ??
StatusController::get_mesh_info() - APP/Controller/StatusController.php, line 38
StatusController::index() - APP/Controller/StatusController.php, line 14
ReflectionMethod::invokeArgs() - [internal], line ??
Controller::invokeAction() - CORE/Cake/Controller/Controller.php, line 490
Dispatcher::_invoke() - CORE/Cake/Routing/Dispatcher.php, line 185
Dispatcher::dispatch() - CORE/Cake/Routing/Dispatcher.php, line 160
[main] - APP/webroot/index.php, line 110

2014-02-18 00:44:31 Warning: Warning (2): socket_connect() [<a href='http://php.net/function.socket-connect'>function.socket-connect</a>]: unable to connect [111]: Connection refused in [/home/pi/hsmm-pi/src/var/www/hsmm-pi/Controller/StatusController.php, line 38]
Trace:
socket_connect - [internal], line ??
StatusController::get_mesh_info() - APP/Controller/StatusController.php, line 38
StatusController::index() - APP/Controller/StatusController.php, line 20
ReflectionMethod::invokeArgs() - [internal], line ??
Controller::invokeAction() - CORE/Cake/Controller/Controller.php, line 490
Dispatcher::_invoke() - CORE/Cake/Routing/Dispatcher.php, line 185
Dispatcher::dispatch() - CORE/Cake/Routing/Dispatcher.php, line 160
[main] - APP/webroot/index.php, line 110

2014-02-18 00:44:31 Warning: Warning (2): Invalid argument supplied for foreach() in [/home/pi/hsmm-pi/src/var/www/hsmm-pi/Controller/StatusController.php, line 20]
Trace:
StatusController::index() - APP/Controller/StatusController.php, line 20
ReflectionMethod::invokeArgs() - [internal], line ??
Controller::invokeAction() - CORE/Cake/Controller/Controller.php, line 490
Dispatcher::_invoke() - CORE/Cake/Routing/Dispatcher.php, line 185
Dispatcher::dispatch() - CORE/Cake/Routing/Dispatcher.php, line 160
[main] - APP/webroot/index.php, line 110

2014-02-18 00:44:49 Warning: Warning (2): socket_connect(): unable to connect [111]: Connection refused in [/home/pi/hsmm-pi/src/var/www/hsmm-pi/Controller/StatusController.php, line 38]
Trace:
socket_connect - [internal], line ??
StatusController::get_mesh_info() - APP/Controller/StatusController.php, line 38
StatusController::index() - APP/Controller/StatusController.php, line 14
ReflectionMethod::invokeArgs() - [internal], line ??
Controller::invokeAction() - CORE/Cake/Controller/Controller.php, line 490
Dispatcher::_invoke() - CORE/Cake/Routing/Dispatcher.php, line 185
Dispatcher::dispatch() - CORE/Cake/Routing/Dispatcher.php, line 160
[main] - APP/webroot/index.php, line 110

2014-02-18 00:44:49 Warning: Warning (2): socket_connect() [<a href='http://php.net/function.socket-connect'>function.socket-connect</a>]: unable to connect [111]: Connection refused in [/home/pi/hsmm-pi/src/var/www/hsmm-pi/Controller/StatusController.php, line 38]
Trace:
socket_connect - [internal], line ??
StatusController::get_mesh_info() - APP/Controller/StatusController.php, line 38
StatusController::index() - APP/Controller/StatusController.php, line 20
ReflectionMethod::invokeArgs() - [internal], line ??
Controller::invokeAction() - CORE/Cake/Controller/Controller.php, line 490
Dispatcher::_invoke() - CORE/Cake/Routing/Dispatcher.php, line 185
Dispatcher::dispatch() - CORE/Cake/Routing/Dispatcher.php, line 160
[main] - APP/webroot/index.php, line 110

2014-02-18 00:44:49 Warning: Warning (2): Invalid argument supplied for foreach() in [/home/pi/hsmm-pi/src/var/www/hsmm-pi/Controller/StatusController.php, line 20]
Trace:
StatusController::index() - APP/Controller/StatusController.php, line 20
ReflectionMethod::invokeArgs() - [internal], line ??
Controller::invokeAction() - CORE/Cake/Controller/Controller.php, line 490
Dispatcher::_invoke() - CORE/Cake/Routing/Dispatcher.php, line 185
Dispatcher::dispatch() - CORE/Cake/Routing/Dispatcher.php, line 160
[main] - APP/webroot/index.php, line 110

2014-02-18 00:58:41 Warning: Warning (2): socket_connect(): unable to connect [111]: Connection refused in [/home/pi/hsmm-pi/src/var/www/hsmm-pi/Controller/StatusController.php, line 38]
Trace:
socket_connect - [internal], line ??
StatusController::get_mesh_info() - APP/Controller/StatusController.php, line 38
StatusController::index() - APP/Controller/StatusController.php, line 14
ReflectionMethod::invokeArgs() - [internal], line ??
Controller::invokeAction() - CORE/Cake/Controller/Controller.php, line 490
Dispatcher::_invoke() - CORE/Cake/Routing/Dispatcher.php, line 185
Dispatcher::dispatch() - CORE/Cake/Routing/Dispatcher.php, line 160
[main] - APP/webroot/index.php, line 110

2014-02-18 00:58:42 Warning: Warning (2): socket_connect() [<a href='http://php.net/function.socket-connect'>function.socket-connect</a>]: unable to connect [111]: Connection refused in [/home/pi/hsmm-pi/src/var/www/hsmm-pi/Controller/StatusController.php, line 38]
Trace:
socket_connect - [internal], line ??
StatusController::get_mesh_info() - APP/Controller/StatusController.php, line 38
StatusController::index() - APP/Controller/StatusController.php, line 20
ReflectionMethod::invokeArgs() - [internal], line ??
Controller::invokeAction() - CORE/Cake/Controller/Controller.php, line 490
Dispatcher::_invoke() - CORE/Cake/Routing/Dispatcher.php, line 185
Dispatcher::dispatch() - CORE/Cake/Routing/Dispatcher.php, line 160
[main] - APP/webroot/index.php, line 110

2014-02-18 00:58:42 Warning: Warning (2): Invalid argument supplied for foreach() in [/home/pi/hsmm-pi/src/var/www/hsmm-pi/Controller/StatusController.php, line 20]
Trace:
StatusController::index() - APP/Controller/StatusController.php, line 20
ReflectionMethod::invokeArgs() - [internal], line ??
Controller::invokeAction() - CORE/Cake/Controller/Controller.php, line 490
Dispatcher::_invoke() - CORE/Cake/Routing/Dispatcher.php, line 185
Dispatcher::dispatch() - CORE/Cake/Routing/Dispatcher.php, line 160
[main] - APP/webroot/index.php, line 110

2014-02-18 00:58:57 Warning: Warning (2): socket_connect(): unable to connect [111]: Connection refused in [/home/pi/hsmm-pi/src/var/www/hsmm-pi/Controller/StatusController.php, line 38]
Trace:
socket_connect - [internal], line ??
StatusController::get_mesh_info() - APP/Controller/StatusController.php, line 38
StatusController::index() - APP/Controller/StatusController.php, line 14
ReflectionMethod::invokeArgs() - [internal], line ??
Controller::invokeAction() - CORE/Cake/Controller/Controller.php, line 490
Dispatcher::_invoke() - CORE/Cake/Routing/Dispatcher.php, line 185
Dispatcher::dispatch() - CORE/Cake/Routing/Dispatcher.php, line 160
[main] - APP/webroot/index.php, line 110

2014-02-18 00:58:57 Warning: Warning (2): socket_connect() [<a href='http://php.net/function.socket-connect'>function.socket-connect</a>]: unable to connect [111]: Connection refused in [/home/pi/hsmm-pi/src/var/www/hsmm-pi/Controller/StatusController.php, line 38]
Trace:
socket_connect - [internal], line ??
StatusController::get_mesh_info() - APP/Controller/StatusController.php, line 38
StatusController::index() - APP/Controller/StatusController.php, line 20
ReflectionMethod::invokeArgs() - [internal], line ??
Controller::invokeAction() - CORE/Cake/Controller/Controller.php, line 490
Dispatcher::_invoke() - CORE/Cake/Routing/Dispatcher.php, line 185
Dispatcher::dispatch() - CORE/Cake/Routing/Dispatcher.php, line 160
[main] - APP/webroot/index.php, line 110

2014-02-18 00:58:57 Warning: Warning (2): Invalid argument supplied for foreach() in [/home/pi/hsmm-pi/src/var/www/hsmm-pi/Controller/StatusController.php, line 20]
Trace:
StatusController::index() - APP/Controller/StatusController.php, line 20
ReflectionMethod::invokeArgs() - [internal], line ??
Controller::invokeAction() - CORE/Cake/Controller/Controller.php, line 490
Dispatcher::_invoke() - CORE/Cake/Routing/Dispatcher.php, line 185
Dispatcher::dispatch() - CORE/Cake/Routing/Dispatcher.php, line 160
[main] - APP/webroot/index.php, line 110

2014-02-18 01:00:24 Warning: Warning (2): socket_connect(): unable to connect [111]: Connection refused in [/home/pi/hsmm-pi/src/var/www/hsmm-pi/Controller/StatusController.php, line 38]
Trace:
socket_connect - [internal], line ??
StatusController::get_mesh_info() - APP/Controller/StatusController.php, line 38
StatusController::index() - APP/Controller/StatusController.php, line 14
ReflectionMethod::invokeArgs() - [internal], line ??
Controller::invokeAction() - CORE/Cake/Controller/Controller.php, line 490
Dispatcher::_invoke() - CORE/Cake/Routing/Dispatcher.php, line 185
Dispatcher::dispatch() - CORE/Cake/Routing/Dispatcher.php, line 160
[main] - APP/webroot/index.php, line 110

2014-02-18 01:00:25 Warning: Warning (2): socket_connect() [<a href='http://php.net/function.socket-connect'>function.socket-connect</a>]: unable to connect [111]: Connection refused in [/home/pi/hsmm-pi/src/var/www/hsmm-pi/Controller/StatusController.php, line 38]
Trace:
socket_connect - [internal], line ??
StatusController::get_mesh_info() - APP/Controller/StatusController.php, line 38
StatusController::index() - APP/Controller/StatusController.php, line 20
ReflectionMethod::invokeArgs() - [internal], line ??
Controller::invokeAction() - CORE/Cake/Controller/Controller.php, line 490
Dispatcher::_invoke() - CORE/Cake/Routing/Dispatcher.php, line 185
Dispatcher::dispatch() - CORE/Cake/Routing/Dispatcher.php, line 160
[main] - APP/webroot/index.php, line 110

2014-02-18 01:00:25 Warning: Warning (2): Invalid argument supplied for foreach() in [/home/pi/hsmm-pi/src/var/www/hsmm-pi/Controller/StatusController.php, line 20]
Trace:
StatusController::index() - APP/Controller/StatusController.php, line 20
ReflectionMethod::invokeArgs() - [internal], line ??
Controller::invokeAction() - CORE/Cake/Controller/Controller.php, line 490
Dispatcher::_invoke() - CORE/Cake/Routing/Dispatcher.php, line 185
Dispatcher::dispatch() - CORE/Cake/Routing/Dispatcher.php, line 160
[main] - APP/webroot/index.php, line 110

2014-02-26 17:19:20 Error: [MissingActionException] Action UsersController::css() could not be found.
Exception Attributes: array (
  'controller' => 'UsersController',
  'action' => 'css',
)
Request URL: /hsmm-pi/users/css/mainstyles.css
Stack Trace:
#0 /usr/share/php/Cake/Routing/Dispatcher.php(185): Controller->invokeAction(Object(CakeRequest))
#1 /usr/share/php/Cake/Routing/Dispatcher.php(160): Dispatcher->_invoke(Object(UsersController), Object(CakeRequest), Object(CakeResponse))
#2 /home/pi/hsmm-pi/src/var/www/hsmm-pi/webroot/index.php(110): Dispatcher->dispatch(Object(CakeRequest), Object(CakeResponse))
#3 {main}
2014-02-26 17:20:32 Error: [MissingActionException] Action UsersController::css() could not be found.
Exception Attributes: array (
  'controller' => 'UsersController',
  'action' => 'css',
)
Request URL: /hsmm-pi/users/css/mainstyles.css
Stack Trace:
#0 /usr/share/php/Cake/Routing/Dispatcher.php(185): Controller->invokeAction(Object(CakeRequest))
#1 /usr/share/php/Cake/Routing/Dispatcher.php(160): Dispatcher->_invoke(Object(UsersController), Object(CakeRequest), Object(CakeResponse))
#2 /home/pi/hsmm-pi/src/var/www/hsmm-pi/webroot/index.php(110): Dispatcher->dispatch(Object(CakeRequest), Object(CakeResponse))
#3 {main}
2014-02-26 17:21:47 Error: [MissingActionException] Action UsersController::css() could not be found.
Exception Attributes: array (
  'controller' => 'UsersController',
  'action' => 'css',
)
Request URL: /hsmm-pi/users/css/mainstyles.css
Stack Trace:
#0 /usr/share/php/Cake/Routing/Dispatcher.php(185): Controller->invokeAction(Object(CakeRequest))
#1 /usr/share/php/Cake/Routing/Dispatcher.php(160): Dispatcher->_invoke(Object(UsersController), Object(CakeRequest), Object(CakeResponse))
#2 /home/pi/hsmm-pi/src/var/www/hsmm-pi/webroot/index.php(110): Dispatcher->dispatch(Object(CakeRequest), Object(CakeResponse))
#3 {main}
2014-02-26 17:22:46 Error: [MissingActionException] Action UsersController::css() could not be found.
Exception Attributes: array (
  'controller' => 'UsersController',
  'action' => 'css',
)
Request URL: /hsmm-pi/users/css/mainstyles.css
Stack Trace:
#0 /usr/share/php/Cake/Routing/Dispatcher.php(185): Controller->invokeAction(Object(CakeRequest))
#1 /usr/share/php/Cake/Routing/Dispatcher.php(160): Dispatcher->_invoke(Object(UsersController), Object(CakeRequest), Object(CakeResponse))
#2 /home/pi/hsmm-pi/src/var/www/hsmm-pi/webroot/index.php(110): Dispatcher->dispatch(Object(CakeRequest), Object(CakeResponse))
#3 {main}
2014-02-26 17:24:51 Error: [MissingActionException] Action UsersController::css() could not be found.
Exception Attributes: array (
  'controller' => 'UsersController',
  'action' => 'css',
)
Request URL: /hsmm-pi/users/css/mainstyles.css
Stack Trace:
#0 /usr/share/php/Cake/Routing/Dispatcher.php(185): Controller->invokeAction(Object(CakeRequest))
#1 /usr/share/php/Cake/Routing/Dispatcher.php(160): Dispatcher->_invoke(Object(UsersController), Object(CakeRequest), Object(CakeResponse))
#2 /home/pi/hsmm-pi/src/var/www/hsmm-pi/webroot/index.php(110): Dispatcher->dispatch(Object(CakeRequest), Object(CakeResponse))
#3 {main}
2014-02-26 17:26:58 Error: [MissingActionException] Action UsersController::css() could not be found.
Exception Attributes: array (
  'controller' => 'UsersController',
  'action' => 'css',
)
Request URL: /hsmm-pi/users/css/mainstyles.css
Stack Trace:
#0 /usr/share/php/Cake/Routing/Dispatcher.php(185): Controller->invokeAction(Object(CakeRequest))
#1 /usr/share/php/Cake/Routing/Dispatcher.php(160): Dispatcher->_invoke(Object(UsersController), Object(CakeRequest), Object(CakeResponse))
#2 /home/pi/hsmm-pi/src/var/www/hsmm-pi/webroot/index.php(110): Dispatcher->dispatch(Object(CakeRequest), Object(CakeResponse))
#3 {main}
2014-02-26 17:29:39 Error: [MissingActionException] Action UsersController::css() could not be found.
Exception Attributes: array (
  'controller' => 'UsersController',
  'action' => 'css',
)
Request URL: /hsmm-pi/users/css/mainstyles.css
Stack Trace:
#0 /usr/share/php/Cake/Routing/Dispatcher.php(185): Controller->invokeAction(Object(CakeRequest))
#1 /usr/share/php/Cake/Routing/Dispatcher.php(160): Dispatcher->_invoke(Object(UsersController), Object(CakeRequest), Object(CakeResponse))
#2 /home/pi/hsmm-pi/src/var/www/hsmm-pi/webroot/index.php(110): Dispatcher->dispatch(Object(CakeRequest), Object(CakeResponse))
#3 {main}
2014-02-26 17:31:50 Error: [MissingActionException] Action UsersController::hsmm-pi() could not be found.
Exception Attributes: array (
  'controller' => 'UsersController',
  'action' => 'hsmm-pi',
)
Request URL: /hsmm-pi/users/hsmm-pi/css/mainstyles.css
Stack Trace:
#0 /usr/share/php/Cake/Routing/Dispatcher.php(185): Controller->invokeAction(Object(CakeRequest))
#1 /usr/share/php/Cake/Routing/Dispatcher.php(160): Dispatcher->_invoke(Object(UsersController), Object(CakeRequest), Object(CakeResponse))
#2 /home/pi/hsmm-pi/src/var/www/hsmm-pi/webroot/index.php(110): Dispatcher->dispatch(Object(CakeRequest), Object(CakeResponse))
#3 {main}
2014-02-26 17:32:04 Error: [MissingActionException] Action UsersController::hsmm-pi() could not be found.
Exception Attributes: array (
  'controller' => 'UsersController',
  'action' => 'hsmm-pi',
)
Request URL: /hsmm-pi/users/hsmm-pi/css/mainstyles.css
Stack Trace:
#0 /usr/share/php/Cake/Routing/Dispatcher.php(185): Controller->invokeAction(Object(CakeRequest))
#1 /usr/share/php/Cake/Routing/Dispatcher.php(160): Dispatcher->_invoke(Object(UsersController), Object(CakeRequest), Object(CakeResponse))
#2 /home/pi/hsmm-pi/src/var/www/hsmm-pi/webroot/index.php(110): Dispatcher->dispatch(Object(CakeRequest), Object(CakeResponse))
#3 {main}
2014-04-04 16:58:23 Error: Fatal Error (4): syntax error, unexpected '<' in [/home/pi/hsmm-pi/src/var/www/hsmm-pi/View/NetworkSettings/edit.ctp, line 113]
2014-04-04 16:58:23 Error: [InternalErrorException] Internal Server Error
Request URL: /hsmm-pi/network_settings/edit/1
Stack Trace:
#0 /usr/share/php/Cake/Error/ErrorHandler.php(203): ErrorHandler::handleFatalError(4, 'syntax error, u...', '/home/pi/hsmm-p...', 113)
#1 [internal function]: ErrorHandler::handleError(4, 'syntax error, u...', '/home/pi/hsmm-p...', 113, Array)
#2 /usr/share/php/Cake/Core/App.php(929): call_user_func('ErrorHandler::h...', 4, 'syntax error, u...', '/home/pi/hsmm-p...', 113, Array)
#3 /usr/share/php/Cake/Core/App.php(902): App::_checkFatalError()
#4 [internal function]: App::shutdown()
#5 {main}
2014-04-04 16:58:34 Error: Fatal Error (4): syntax error, unexpected '<' in [/home/pi/hsmm-pi/src/var/www/hsmm-pi/View/NetworkSettings/edit.ctp, line 113]
2014-04-04 16:58:34 Error: [InternalErrorException] Internal Server Error
Request URL: /hsmm-pi/network_settings/edit/1
Stack Trace:
#0 /usr/share/php/Cake/Error/ErrorHandler.php(203): ErrorHandler::handleFatalError(4, 'syntax error, u...', '/home/pi/hsmm-p...', 113)
#1 [internal function]: ErrorHandler::handleError(4, 'syntax error, u...', '/home/pi/hsmm-p...', 113, Array)
#2 /usr/share/php/Cake/Core/App.php(929): call_user_func('ErrorHandler::h...', 4, 'syntax error, u...', '/home/pi/hsmm-p...', 113, Array)
#3 /usr/share/php/Cake/Core/App.php(902): App::_checkFatalError()
#4 [internal function]: App::shutdown()
#5 {main}
2014-04-04 16:59:06 Error: Fatal Error (4): syntax error, unexpected '<' in [/home/pi/hsmm-pi/src/var/www/hsmm-pi/View/NetworkSettings/edit.ctp, line 113]
2014-04-04 16:59:06 Error: [InternalErrorException] Internal Server Error
Request URL: /hsmm-pi/network_settings/edit/1
Stack Trace:
#0 /usr/share/php/Cake/Error/ErrorHandler.php(203): ErrorHandler::handleFatalError(4, 'syntax error, u...', '/home/pi/hsmm-p...', 113)
#1 [internal function]: ErrorHandler::handleError(4, 'syntax error, u...', '/home/pi/hsmm-p...', 113, Array)
#2 /usr/share/php/Cake/Core/App.php(929): call_user_func('ErrorHandler::h...', 4, 'syntax error, u...', '/home/pi/hsmm-p...', 113, Array)
#3 /usr/share/php/Cake/Core/App.php(902): App::_checkFatalError()
#4 [internal function]: App::shutdown()
#5 {main}
2014-04-04 16:59:26 Error: Fatal Error (4): syntax error, unexpected '<' in [/home/pi/hsmm-pi/src/var/www/hsmm-pi/View/NetworkSettings/edit.ctp, line 113]
2014-04-04 16:59:26 Error: [InternalErrorException] Internal Server Error
Request URL: /hsmm-pi/network_settings/edit/1
Stack Trace:
#0 /usr/share/php/Cake/Error/ErrorHandler.php(203): ErrorHandler::handleFatalError(4, 'syntax error, u...', '/home/pi/hsmm-p...', 113)
#1 [internal function]: ErrorHandler::handleError(4, 'syntax error, u...', '/home/pi/hsmm-p...', 113, Array)
#2 /usr/share/php/Cake/Core/App.php(929): call_user_func('ErrorHandler::h...', 4, 'syntax error, u...', '/home/pi/hsmm-p...', 113, Array)
#3 /usr/share/php/Cake/Core/App.php(902): App::_checkFatalError()
#4 [internal function]: App::shutdown()
#5 {main}
2014-04-04 17:00:50 Error: Fatal Error (4): syntax error, unexpected '<' in [/home/pi/hsmm-pi/src/var/www/hsmm-pi/View/NetworkSettings/edit.ctp, line 114]
2014-04-04 17:00:50 Error: [InternalErrorException] Internal Server Error
Request URL: /hsmm-pi/network_settings/edit/1
Stack Trace:
#0 /usr/share/php/Cake/Error/ErrorHandler.php(203): ErrorHandler::handleFatalError(4, 'syntax error, u...', '/home/pi/hsmm-p...', 114)
#1 [internal function]: ErrorHandler::handleError(4, 'syntax error, u...', '/home/pi/hsmm-p...', 114, Array)
#2 /usr/share/php/Cake/Core/App.php(929): call_user_func('ErrorHandler::h...', 4, 'syntax error, u...', '/home/pi/hsmm-p...', 114, Array)
#3 /usr/share/php/Cake/Core/App.php(902): App::_checkFatalError()
#4 [internal function]: App::shutdown()
#5 {main}
2014-04-04 17:18:03 Error: Fatal Error (4): syntax error, unexpected '=', expecting ')' in [/home/pi/hsmm-pi/src/var/www/hsmm-pi/View/NetworkSettings/edit.ctp, line 76]
2014-04-04 17:18:03 Error: [InternalErrorException] Internal Server Error
Request URL: /hsmm-pi/network_settings/edit/1
Stack Trace:
#0 /usr/share/php/Cake/Error/ErrorHandler.php(203): ErrorHandler::handleFatalError(4, 'syntax error, u...', '/home/pi/hsmm-p...', 76)
#1 [internal function]: ErrorHandler::handleError(4, 'syntax error, u...', '/home/pi/hsmm-p...', 76, Array)
#2 /usr/share/php/Cake/Core/App.php(929): call_user_func('ErrorHandler::h...', 4, 'syntax error, u...', '/home/pi/hsmm-p...', 76, Array)
#3 /usr/share/php/Cake/Core/App.php(902): App::_checkFatalError()
#4 [internal function]: App::shutdown()
#5 {main}
2014-04-04 17:18:54 Error: Fatal Error (4): syntax error, unexpected '=', expecting ')' in [/home/pi/hsmm-pi/src/var/www/hsmm-pi/View/NetworkSettings/edit.ctp, line 76]
2014-04-04 17:18:54 Error: [InternalErrorException] Internal Server Error
Request URL: /hsmm-pi/network_settings/edit/1
Stack Trace:
#0 /usr/share/php/Cake/Error/ErrorHandler.php(203): ErrorHandler::handleFatalError(4, 'syntax error, u...', '/home/pi/hsmm-p...', 76)
#1 [internal function]: ErrorHandler::handleError(4, 'syntax error, u...', '/home/pi/hsmm-p...', 76, Array)
#2 /usr/share/php/Cake/Core/App.php(929): call_user_func('ErrorHandler::h...', 4, 'syntax error, u...', '/home/pi/hsmm-p...', 76, Array)
#3 /usr/share/php/Cake/Core/App.php(902): App::_checkFatalError()
#4 [internal function]: App::shutdown()
#5 {main}
2014-04-04 17:19:05 Error: Fatal Error (4): syntax error, unexpected '=', expecting ')' in [/home/pi/hsmm-pi/src/var/www/hsmm-pi/View/NetworkSettings/edit.ctp, line 76]
2014-04-04 17:19:05 Error: [InternalErrorException] Internal Server Error
Request URL: /hsmm-pi/network_settings/edit/1
Stack Trace:
#0 /usr/share/php/Cake/Error/ErrorHandler.php(203): ErrorHandler::handleFatalError(4, 'syntax error, u...', '/home/pi/hsmm-p...', 76)
#1 [internal function]: ErrorHandler::handleError(4, 'syntax error, u...', '/home/pi/hsmm-p...', 76, Array)
#2 /usr/share/php/Cake/Core/App.php(929): call_user_func('ErrorHandler::h...', 4, 'syntax error, u...', '/home/pi/hsmm-p...', 76, Array)
#3 /usr/share/php/Cake/Core/App.php(902): App::_checkFatalError()
#4 [internal function]: App::shutdown()
#5 {main}
2014-04-04 17:20:17 Error: Fatal Error (4): syntax error, unexpected ';' in [/home/pi/hsmm-pi/src/var/www/hsmm-pi/View/NetworkSettings/edit.ctp, line 76]
2014-04-04 17:20:17 Error: [InternalErrorException] Internal Server Error
Request URL: /hsmm-pi/network_settings/edit/1
Stack Trace:
#0 /usr/share/php/Cake/Error/ErrorHandler.php(203): ErrorHandler::handleFatalError(4, 'syntax error, u...', '/home/pi/hsmm-p...', 76)
#1 [internal function]: ErrorHandler::handleError(4, 'syntax error, u...', '/home/pi/hsmm-p...', 76, Array)
#2 /usr/share/php/Cake/Core/App.php(929): call_user_func('ErrorHandler::h...', 4, 'syntax error, u...', '/home/pi/hsmm-p...', 76, Array)
#3 /usr/share/php/Cake/Core/App.php(902): App::_checkFatalError()
#4 [internal function]: App::shutdown()
#5 {main}
2014-04-04 17:20:23 Error: Fatal Error (4): syntax error, unexpected ';' in [/home/pi/hsmm-pi/src/var/www/hsmm-pi/View/NetworkSettings/edit.ctp, line 76]
2014-04-04 17:20:23 Error: [InternalErrorException] Internal Server Error
Request URL: /hsmm-pi/network_settings/edit/1
Stack Trace:
#0 /usr/share/php/Cake/Error/ErrorHandler.php(203): ErrorHandler::handleFatalError(4, 'syntax error, u...', '/home/pi/hsmm-p...', 76)
#1 [internal function]: ErrorHandler::handleError(4, 'syntax error, u...', '/home/pi/hsmm-p...', 76, Array)
#2 /usr/share/php/Cake/Core/App.php(929): call_user_func('ErrorHandler::h...', 4, 'syntax error, u...', '/home/pi/hsmm-p...', 76, Array)
#3 /usr/share/php/Cake/Core/App.php(902): App::_checkFatalError()
#4 [internal function]: App::shutdown()
#5 {main}
2014-04-04 17:20:28 Error: Fatal Error (4): syntax error, unexpected ';' in [/home/pi/hsmm-pi/src/var/www/hsmm-pi/View/NetworkSettings/edit.ctp, line 76]
2014-04-04 17:20:28 Error: [InternalErrorException] Internal Server Error
Request URL: /hsmm-pi/network_settings/edit/1
Stack Trace:
#0 /usr/share/php/Cake/Error/ErrorHandler.php(203): ErrorHandler::handleFatalError(4, 'syntax error, u...', '/home/pi/hsmm-p...', 76)
#1 [internal function]: ErrorHandler::handleError(4, 'syntax error, u...', '/home/pi/hsmm-p...', 76, Array)
#2 /usr/share/php/Cake/Core/App.php(929): call_user_func('ErrorHandler::h...', 4, 'syntax error, u...', '/home/pi/hsmm-p...', 76, Array)
#3 /usr/share/php/Cake/Core/App.php(902): App::_checkFatalError()
#4 [internal function]: App::shutdown()
#5 {main}
2014-04-04 17:21:14 Error: Fatal Error (4): syntax error, unexpected ';', expecting ')' in [/home/pi/hsmm-pi/src/var/www/hsmm-pi/View/NetworkSettings/edit.ctp, line 76]
2014-04-04 17:21:14 Error: [InternalErrorException] Internal Server Error
Request URL: /hsmm-pi/network_settings/edit/1
Stack Trace:
#0 /usr/share/php/Cake/Error/ErrorHandler.php(203): ErrorHandler::handleFatalError(4, 'syntax error, u...', '/home/pi/hsmm-p...', 76)
#1 [internal function]: ErrorHandler::handleError(4, 'syntax error, u...', '/home/pi/hsmm-p...', 76, Array)
#2 /usr/share/php/Cake/Core/App.php(929): call_user_func('ErrorHandler::h...', 4, 'syntax error, u...', '/home/pi/hsmm-p...', 76, Array)
#3 /usr/share/php/Cake/Core/App.php(902): App::_checkFatalError()
#4 [internal function]: App::shutdown()
#5 {main}
2014-04-04 17:21:52 Error: Fatal Error (4): syntax error, unexpected ';' in [/home/pi/hsmm-pi/src/var/www/hsmm-pi/View/NetworkSettings/edit.ctp, line 76]
2014-04-04 17:21:52 Error: [InternalErrorException] Internal Server Error
Request URL: /hsmm-pi/network_settings/edit/1
Stack Trace:
#0 /usr/share/php/Cake/Error/ErrorHandler.php(203): ErrorHandler::handleFatalError(4, 'syntax error, u...', '/home/pi/hsmm-p...', 76)
#1 [internal function]: ErrorHandler::handleError(4, 'syntax error, u...', '/home/pi/hsmm-p...', 76, Array)
#2 /usr/share/php/Cake/Core/App.php(929): call_user_func('ErrorHandler::h...', 4, 'syntax error, u...', '/home/pi/hsmm-p...', 76, Array)
#3 /usr/share/php/Cake/Core/App.php(902): App::_checkFatalError()
#4 [internal function]: App::shutdown()
#5 {main}
2014-04-05 00:34:20 Error: Fatal Error (4): syntax error, unexpected 'echo' (T_ECHO), expecting ',' or ';' in [/home/pi/hsmm-pi/src/var/www/hsmm-pi/View/NetworkSettings/edit.ctp, line 139]
2014-04-05 00:34:20 Error: [InternalErrorException] Internal Server Error
Request URL: /hsmm-pi/network_settings/edit/1
Stack Trace:
#0 /usr/share/php/Cake/Error/ErrorHandler.php(203): ErrorHandler::handleFatalError(4, 'syntax error, u...', '/home/pi/hsmm-p...', 139)
#1 [internal function]: ErrorHandler::handleError(4, 'syntax error, u...', '/home/pi/hsmm-p...', 139, Array)
#2 /usr/share/php/Cake/Core/App.php(929): call_user_func('ErrorHandler::h...', 4, 'syntax error, u...', '/home/pi/hsmm-p...', 139, Array)
#3 /usr/share/php/Cake/Core/App.php(902): App::_checkFatalError()
#4 [internal function]: App::shutdown()
#5 {main}
2014-04-08 16:25:23 Error: Fatal Error (4): syntax error, unexpected '?>', expecting function (T_FUNCTION) in [/home/pi/hsmm-pi/src/var/www/hsmm-pi/Controller/StatusController.php, line 117]
2014-04-08 16:25:23 Error: [InternalErrorException] Internal Server Error
Request URL: /hsmm-pi/status
Stack Trace:
#0 /usr/share/php/Cake/Error/ErrorHandler.php(203): ErrorHandler::handleFatalError(4, 'syntax error, u...', '/home/pi/hsmm-p...', 117)
#1 [internal function]: ErrorHandler::handleError(4, 'syntax error, u...', '/home/pi/hsmm-p...', 117, Array)
#2 /usr/share/php/Cake/Core/App.php(929): call_user_func('ErrorHandler::h...', 4, 'syntax error, u...', '/home/pi/hsmm-p...', 117, Array)
#3 /usr/share/php/Cake/Core/App.php(902): App::_checkFatalError()
#4 [internal function]: App::shutdown()
#5 {main}
2014-04-11 03:33:04 Error: [NotFoundException] Invalid setting
Request URL: /hsmm-pi/network_settings/edit/2
Stack Trace:
#0 [internal function]: NetworkSettingsController->edit('2')
#1 /usr/share/php/Cake/Controller/Controller.php(490): ReflectionMethod->invokeArgs(Object(NetworkSettingsController), Array)
#2 /usr/share/php/Cake/Routing/Dispatcher.php(185): Controller->invokeAction(Object(CakeRequest))
#3 /usr/share/php/Cake/Routing/Dispatcher.php(160): Dispatcher->_invoke(Object(NetworkSettingsController), Object(CakeRequest), Object(CakeResponse))
#4 /home/pi/hsmm-pi/src/var/www/hsmm-pi/webroot/index.php(110): Dispatcher->dispatch(Object(CakeRequest), Object(CakeResponse))
#5 {main}
2014-04-11 03:36:31 Error: [NotFoundException] Invalid setting
Request URL: /hsmm-pi/network_settings/edit/2
Stack Trace:
#0 [internal function]: NetworkSettingsController->edit('2')
#1 /usr/share/php/Cake/Controller/Controller.php(490): ReflectionMethod->invokeArgs(Object(NetworkSettingsController), Array)
#2 /usr/share/php/Cake/Routing/Dispatcher.php(185): Controller->invokeAction(Object(CakeRequest))
#3 /usr/share/php/Cake/Routing/Dispatcher.php(160): Dispatcher->_invoke(Object(NetworkSettingsController), Object(CakeRequest), Object(CakeResponse))
#4 /home/pi/hsmm-pi/src/var/www/hsmm-pi/webroot/index.php(110): Dispatcher->dispatch(Object(CakeRequest), Object(CakeResponse))
#5 {main}
2014-04-11 03:37:51 Error: Fatal Error (4): syntax error, unexpected '?>' in [/home/pi/hsmm-pi/src/var/www/hsmm-pi/View/Layouts/default.ctp, line 149]
2014-04-11 03:37:51 Error: [InternalErrorException] Internal Server Error
Request URL: /hsmm-pi/status
Stack Trace:
#0 /usr/share/php/Cake/Error/ErrorHandler.php(203): ErrorHandler::handleFatalError(4, 'syntax error, u...', '/home/pi/hsmm-p...', 149)
#1 [internal function]: ErrorHandler::handleError(4, 'syntax error, u...', '/home/pi/hsmm-p...', 149, Array)
#2 /usr/share/php/Cake/Core/App.php(929): call_user_func('ErrorHandler::h...', 4, 'syntax error, u...', '/home/pi/hsmm-p...', 149, Array)
#3 /usr/share/php/Cake/Core/App.php(902): App::_checkFatalError()
#4 [internal function]: App::shutdown()
#5 {main}
2014-04-11 03:38:05 Error: Fatal Error (4): syntax error, unexpected '?>' in [/home/pi/hsmm-pi/src/var/www/hsmm-pi/View/Layouts/default.ctp, line 149]
2014-04-11 03:38:05 Error: [InternalErrorException] Internal Server Error
Request URL: /hsmm-pi/status
Stack Trace:
#0 /usr/share/php/Cake/Error/ErrorHandler.php(203): ErrorHandler::handleFatalError(4, 'syntax error, u...', '/home/pi/hsmm-p...', 149)
#1 [internal function]: ErrorHandler::handleError(4, 'syntax error, u...', '/home/pi/hsmm-p...', 149, Array)
#2 /usr/share/php/Cake/Core/App.php(929): call_user_func('ErrorHandler::h...', 4, 'syntax error, u...', '/home/pi/hsmm-p...', 149, Array)
#3 /usr/share/php/Cake/Core/App.php(902): App::_checkFatalError()
#4 [internal function]: App::shutdown()
#5 {main}
2014-04-11 03:38:29 Error: Fatal Error (4): syntax error, unexpected '?>' in [/home/pi/hsmm-pi/src/var/www/hsmm-pi/View/Layouts/default.ctp, line 149]
2014-04-11 03:38:29 Error: [InternalErrorException] Internal Server Error
Request URL: /hsmm-pi/status
Stack Trace:
#0 /usr/share/php/Cake/Error/ErrorHandler.php(203): ErrorHandler::handleFatalError(4, 'syntax error, u...', '/home/pi/hsmm-p...', 149)
#1 [internal function]: ErrorHandler::handleError(4, 'syntax error, u...', '/home/pi/hsmm-p...', 149, Array)
#2 /usr/share/php/Cake/Core/App.php(929): call_user_func('ErrorHandler::h...', 4, 'syntax error, u...', '/home/pi/hsmm-p...', 149, Array)
#3 /usr/share/php/Cake/Core/App.php(902): App::_checkFatalError()
#4 [internal function]: App::shutdown()
#5 {main}
2014-04-11 03:41:00 Error: Fatal Error (4): syntax error, unexpected '*' in [/home/pi/hsmm-pi/src/var/www/hsmm-pi/View/Layouts/default.ctp, line 141]
2014-04-11 03:41:00 Error: [InternalErrorException] Internal Server Error
Request URL: /hsmm-pi/status
Stack Trace:
#0 /usr/share/php/Cake/Error/ErrorHandler.php(203): ErrorHandler::handleFatalError(4, 'syntax error, u...', '/home/pi/hsmm-p...', 141)
#1 [internal function]: ErrorHandler::handleError(4, 'syntax error, u...', '/home/pi/hsmm-p...', 141, Array)
#2 /usr/share/php/Cake/Core/App.php(929): call_user_func('ErrorHandler::h...', 4, 'syntax error, u...', '/home/pi/hsmm-p...', 141, Array)
#3 /usr/share/php/Cake/Core/App.php(902): App::_checkFatalError()
#4 [internal function]: App::shutdown()
#5 {main}
2014-04-11 11:26:00 Error: [MissingControllerException] Controller class PowerSettingsController could not be found.
Exception Attributes: array (
  'class' => 'PowerSettingsController',
  'plugin' => NULL,
)
Request URL: /hsmm-pi/power_settings
Stack Trace:
#0 /home/pi/hsmm-pi/src/var/www/hsmm-pi/webroot/index.php(110): Dispatcher->dispatch(Object(CakeRequest), Object(CakeResponse))
#1 {main}
2014-04-11 11:29:16 Error: [MissingControllerException] Controller class PowerSettingsController could not be found.
Exception Attributes: array (
  'class' => 'PowerSettingsController',
  'plugin' => NULL,
)
Request URL: /hsmm-pi/PowerSettings
Stack Trace:
#0 /home/pi/hsmm-pi/src/var/www/hsmm-pi/webroot/index.php(110): Dispatcher->dispatch(Object(CakeRequest), Object(CakeResponse))
#1 {main}
